<?xml version="1.0" encoding="UTF-8"?>
<!-- Generated by org.testng.reporters.JUnitXMLReporter -->
<testsuite ignored="0" hostname="Devil-World-1999JAN" failures="0" tests="12" name="Test" time="242.648" errors="0" timestamp="2022-12-20T12:15:32 IST">
  <testcase classname="BS_testcases.loginPage_test" name="multiUserTest" time="15.521"/>
  <testcase classname="BS_testcases.loginPage_test" name="multiUserTest" time="15.398"/>
  <testcase classname="BS_testcases.loginPage_test" name="multiUserTest" time="15.416"/>
  <testcase classname="BS_testcases.loginPage_test" name="multiUserTest" time="31.55"/>
  <testcase classname="BS_testcases.loginPage_test" name="loginTest" time="15.305"/>
  <testcase classname="BS_testcases.singUp_Test" name="singupTest" time="5.355"/>
  <testcase classname="BS_testcases.forgetPass_Test" name="frgtPass_email" time="16.309"/>
  <testcase classname="BS_testcases.forgetPass_Test" name="frgtPass_email" time="16.559"/>
  <testcase classname="BS_testcases.forgetPass_Test" name="frgtPass_email" time="16.511"/>
  <testcase classname="BS_testcases.forgetPass_Test" name="frgtPass_email" time="16.598"/>
  <testcase classname="BS_testcases.forgetPass_Test" name="frgtPass_email" time="16.325"/>
  <testcase classname="BS_testcases.homePage_Test" name="singleUserHomePageTest" time="33.222"/>
</testsuite> <!-- Test -->
